<?xml version="1.0" encoding="UTF-8"?>
<testng-results skipped="0" failed="0" total="1" passed="1">
  <reporter-output>
  </reporter-output>
  <suite name="Command line suite" duration-ms="14" started-at="2018-04-01T18:18:31Z" finished-at="2018-04-01T18:18:31Z">
    <groups>
    </groups>
    <test name="Command line test" duration-ms="14" started-at="2018-04-01T18:18:31Z" finished-at="2018-04-01T18:18:31Z">
      <class name="pers.xiaoming.hibernate.command.optimisticlock.DirtyReadTest">
        <test-method status="PASS" signature="test()[pri:0, instance:pers.xiaoming.hibernate.command.optimisticlock.DirtyReadTest@6e06451e]" name="test" duration-ms="8" started-at="2018-04-01T11:18:31Z" finished-at="2018-04-01T11:18:31Z">
          <reporter-output>
          </reporter-output>
        </test-method> <!-- test -->
      </class> <!-- pers.xiaoming.hibernate.command.optimisticlock.DirtyReadTest -->
      <class name="pers.xiaoming.hibernate.InitDb">
        <test-method status="PASS" signature="initData()[pri:0, instance:pers.xiaoming.hibernate.InitDb@2d928643]" name="initData" is-config="true" duration-ms="1860" started-at="2018-04-01T11:18:29Z" finished-at="2018-04-01T11:18:31Z">
          <reporter-output>
          </reporter-output>
        </test-method> <!-- initData -->
      </class> <!-- pers.xiaoming.hibernate.InitDb -->
    </test> <!-- Command line test -->
  </suite> <!-- Command line suite -->
</testng-results>
